{
    "wallTime": 0,
    "cpuTime": 0,
    "truncated": false,
    "executionModel": "stateless",
    "outcome": "ok",
    "scriptVersion": {
        "id": "02d27353-fde5-46db-ad00-811327ed0e72"
    },
    "scriptName": "sef-bridge-frontend",
    "diagnosticsChannelEvents": [],
    "exceptions": [],
    "logs": [
        {
            "message": [
                "[request error] [unhandled] [GET] https://sef.dlbr.cloud/api/public/kursna-lista\n",
                {
                    "message": "t11.req.headers.get is not a function",
                    "statusCode": 500
                }
            ],
            "level": "error",
            "timestamp": 1779817166971
        }
    ],
    "eventTimestamp": 1779817166971,
    "event": {
        "request": {
            "url": "https://sef.dlbr.cloud/api/public/kursna-lista",
            "method": "GET",
            "headers": {
                "accept": "*/*",
                "accept-encoding": "gzip, br",
                "cf-connecting-ip": "178.220.185.112",
                "cf-ipcountry": "RS",
                "cf-ray": "a01e8f2d8bebbbed",
                "cf-visitor": "{\"scheme\":\"https\"}",
                "connection": "Keep-Alive",
                "host": "sef.dlbr.cloud",
                "user-agent": "curl/8.7.1",
                "x-forwarded-proto": "https",
                "x-real-ip": "178.220.185.112"
            },
            "cf": {
                "httpProtocol": "HTTP/2",
                "requestPriority": "weight=16;exclusive=0;group=0;group-weight=0",
                "edgeRequestKeepAliveStatus": 1,
                "requestHeaderNames": {},
                "clientTcpRtt": 11,
                "clientQuicRtt": 0,
                "colo": "BEG",
                "asn": 8400,
                "asOrganization": "TELEKOM SRBIJA a.d.",
                "country": "RS",
                "isEUCountry": false,
                "city": "Inđija",
                "continent": "EU",
                "region": "Vojvodina",
                "regionCode": "VO",
                "timezone": "Europe/Belgrade",
                "longitude": "20.08165",
                "latitude": "45.04816",
                "postalCode": "22320",
                "tlsVersion": "TLSv1.3",
                "tlsCipher": "AEAD-CHACHA20-POLY1305-SHA256",
                "tlsClientRandom": "jCaOh56tGHPjcvuj9a4M2LSOLXMT0wUmYzWyI5fN9SA=",
                "tlsClientCiphersSha1": "eDGmD1H99AwNYzOR+7eoGLo6eLU=",
                "tlsClientExtensionsSha1": "Ub+nUmIm1U57hdNSUph0R+kx9Gc=",
                "tlsClientExtensionsSha1Le": "NMNf2YIpLBhtroOEBooGFi+jtJ8=",
                "tlsExportedAuthenticator": {
                    "clientHandshake": "13cf8baf782339b20b2e98a9582096c01a5b0df434005d890f306cd256644e23",
                    "serverHandshake": "ec7f9a6f1517c8c4864864d3496494bc956243e4955d92f283a8fcfb757f9334",
                    "clientFinished": "0eeb538583ef2ec891540bc542c5d7bf6844c3623bcbaf0ac87a29d01636b912",
                    "serverFinished": "24162495f71b10822218738b42bd259fb3da552b36ca2b507eb39f68d576997a"
                },
                "tlsClientHelloLength": "315",
                "tlsClientAuth": {
                    "certPresented": "0",
                    "certVerified": "NONE",
                    "certRevoked": "0",
                    "certIssuerDN": "",
                    "certSubjectDN": "",
                    "certIssuerDNRFC2253": "",
                    "certSubjectDNRFC2253": "",
                    "certIssuerDNLegacy": "",
                    "certSubjectDNLegacy": "",
                    "certSerial": "",
                    "certIssuerSerial": "",
                    "certSKI": "",
                    "certIssuerSKI": "",
                    "certFingerprintSHA1": "",
                    "certFingerprintSHA256": "",
                    "certNotBefore": "",
                    "certNotAfter": "",
                    "certRFC9440": "",
                    "certRFC9440TooLarge": false,
                    "certChainRFC9440": "",
                    "certChainRFC9440TooLarge": false
                },
                "verifiedBotCategory": "",
                "edgeL4": {
                    "deliveryRate": 401108
                }
            }
        },
        "response": {
            "status": 500
        }
    }
}
